{
"/Users/tourajvaziri/Desktop/Courses/EECE 514/assignment5/odometer/odometer.js":{"path":"/Users/tourajvaziri/Desktop/Courses/EECE 514/assignment5/odometer/odometer.js","s":{"1":2,"2":2,"3":2,"4":2,"5":2,"6":2,"7":2,"8":2,"9":2,"10":2,"11":2,"12":2,"13":2,"14":2,"15":2,"16":2,"17":2,"18":2,"19":2,"20":2,"21":2,"22":2,"23":2,"24":2,"25":2,"26":2,"27":0,"28":2,"29":0,"30":0,"31":2,"32":0,"33":0,"34":0,"35":0,"36":0,"37":2,"38":0,"39":0,"40":2,"41":0,"42":0,"43":0,"44":0,"45":0,"46":0,"47":0,"48":0,"49":2,"50":0,"51":0,"52":0,"53":2,"54":0,"55":2,"56":2,"57":2,"58":2,"59":0,"60":2,"61":0,"62":0,"63":0,"64":0,"65":0,"66":0,"67":0,"68":0,"69":0,"70":0,"71":0,"72":0,"73":0,"74":0,"75":2,"76":2,"77":1,"78":0,"79":0,"80":0,"81":0,"82":0,"83":0,"84":0,"85":0,"86":0,"87":0,"88":0,"89":0,"90":0,"91":0,"92":0,"93":0,"94":0,"95":0,"96":0,"97":0,"98":0,"99":0,"100":0,"101":0,"102":0,"103":0,"104":0,"105":0,"106":0,"107":0,"108":0,"109":0,"110":0,"111":2,"112":0,"113":0,"114":0,"115":0,"116":2,"117":0,"118":0,"119":0,"120":0,"121":0,"122":0,"123":0,"124":0,"125":0,"126":0,"127":0,"128":0,"129":0,"130":0,"131":2,"132":0,"133":0,"134":2,"135":0,"136":0,"137":2,"138":0,"139":0,"140":0,"141":0,"142":0,"143":0,"144":0,"145":2,"146":0,"147":0,"148":0,"149":0,"150":0,"151":0,"152":0,"153":0,"154":0,"155":0,"156":0,"157":0,"158":0,"159":0,"160":0,"161":0,"162":0,"163":0,"164":0,"165":2,"166":0,"167":0,"168":0,"169":0,"170":0,"171":0,"172":0,"173":0,"174":0,"175":2,"176":0,"177":0,"178":0,"179":0,"180":0,"181":0,"182":0,"183":0,"184":0,"185":0,"186":0,"187":0,"188":0,"189":0,"190":0,"191":0,"192":0,"193":0,"194":0,"195":0,"196":0,"197":0,"198":0,"199":0,"200":0,"201":0,"202":0,"203":0,"204":0,"205":2,"206":0,"207":0,"208":0,"209":0,"210":0,"211":0,"212":0,"213":0,"214":0,"215":0,"216":0,"217":0,"218":0,"219":0,"220":0,"221":0,"222":0,"223":0,"224":0,"225":0,"226":2,"227":0,"228":0,"229":0,"230":0,"231":0,"232":0,"233":0,"234":0,"235":0,"236":0,"237":0,"238":0,"239":0,"240":0,"241":0,"242":2,"243":0,"244":2,"245":0,"246":0,"247":0,"248":0,"249":0,"250":2,"251":0,"252":0,"253":0,"254":0,"255":0,"256":0,"257":2,"258":0,"259":0,"260":0,"261":0,"262":0,"263":0,"264":0,"265":0,"266":0,"267":0,"268":0,"269":0,"270":0,"271":0,"272":0,"273":0,"274":0,"275":0,"276":0,"277":0,"278":0,"279":0,"280":0,"281":0,"282":2,"283":0,"284":0,"285":0,"286":2,"287":0,"288":0,"289":0,"290":0,"291":0,"292":0,"293":0,"294":0,"295":0,"296":0,"297":0,"298":0,"299":0,"300":0,"301":0,"302":0,"303":0,"304":0,"305":0,"306":0,"307":0,"308":0,"309":2,"310":0,"311":0,"312":0,"313":0,"314":0,"315":0,"316":0,"317":2,"318":0,"319":0,"320":0,"321":0,"322":0,"323":0,"324":0,"325":0,"326":0,"327":0,"328":0,"329":2,"330":0,"331":0,"332":0,"333":0,"334":2,"335":0,"336":0,"337":0,"338":0,"339":0,"340":0,"341":0,"342":0,"343":0,"344":0,"345":0,"346":0,"347":0,"348":0,"349":0,"350":0,"351":0,"352":0,"353":0,"354":0,"355":0,"356":0,"357":0,"358":0,"359":0,"360":0,"361":0,"362":0,"363":0,"364":0,"365":0,"366":0,"367":0,"368":0,"369":0,"370":0,"371":0,"372":0,"373":0,"374":0,"375":0,"376":0,"377":0,"378":0,"379":0,"380":0,"381":0,"382":0,"383":0,"384":0,"385":0,"386":0,"387":0,"388":0,"389":0,"390":0,"391":0,"392":0,"393":0,"394":0,"395":0,"396":0,"397":0,"398":2,"399":2,"400":2,"401":0,"402":0,"403":0,"404":0,"405":0,"406":0,"407":0,"408":0,"409":2,"410":2,"411":2,"412":0,"413":2,"414":2,"415":2,"416":0,"417":0,"418":2,"419":2,"420":0,"421":0,"422":0,"423":0,"424":0,"425":2,"426":2,"427":2,"428":2,"429":0,"430":0,"431":2,"432":2,"433":0,"434":2},"b":{"1":[2,2,0,0],"2":[2,2,2,2],"3":[2,2,2],"4":[0,0],"5":[0,0],"6":[0,0],"7":[0,0],"8":[0,0],"9":[0,0],"10":[0,0],"11":[0,2],"12":[0,2],"13":[0,0],"14":[0,0],"15":[0,0],"16":[0,0],"17":[0,0],"18":[0,0],"19":[0,0],"20":[0,0],"21":[0,0],"22":[0,0],"23":[0,0],"24":[0,0],"25":[0,0],"26":[0,0],"27":[0,0],"28":[0,0],"29":[0,0],"30":[0,0],"31":[0,0],"32":[0,0],"33":[0,0],"34":[0,0],"35":[0,0],"36":[0,0],"37":[0,0],"38":[0,0],"39":[0,0],"40":[0,0],"41":[0,0],"42":[0,0],"43":[0,0],"44":[0,0],"45":[0,0,0],"46":[0,0],"47":[0,0],"48":[0,0],"49":[0,0],"50":[0,0],"51":[0,0],"52":[0,0],"53":[0,0],"54":[0,0],"55":[0,0],"56":[0,0],"57":[0,0],"58":[0,0],"59":[0,0],"60":[0,0],"61":[0,0],"62":[0,0],"63":[0,0],"64":[0,0],"65":[0,0],"66":[0,0],"67":[0,0],"68":[0,0],"69":[0,0],"70":[0,0],"71":[0,0],"72":[0,0],"73":[0,0],"74":[0,0,0,0],"75":[0,0],"76":[0,0],"77":[0,0],"78":[0,0],"79":[0,0],"80":[0,0],"81":[0,0],"82":[0,0],"83":[0,0],"84":[0,0],"85":[0,0],"86":[0,2],"87":[0,0],"88":[0,0],"89":[0,2],"90":[2,2],"91":[0,0],"92":[0,2],"93":[2,0],"94":[2,0],"95":[0,0],"96":[0,0],"97":[0,0],"98":[2,0],"99":[0,2],"100":[2,0],"101":[2,0],"102":[2,2]},"f":{"1":2,"2":2,"3":0,"4":0,"5":0,"6":0,"7":0,"8":0,"9":0,"10":2,"11":0,"12":0,"13":2,"14":0,"15":0,"16":0,"17":0,"18":0,"19":0,"20":0,"21":0,"22":0,"23":0,"24":0,"25":0,"26":0,"27":0,"28":0,"29":0,"30":0,"31":0,"32":0,"33":0,"34":0,"35":0,"36":0,"37":0,"38":0,"39":0,"40":0,"41":0,"42":0,"43":0,"44":0,"45":2,"46":0,"47":2,"48":0},"fnMap":{"1":{"name":"(anonymous_1)","line":1,"loc":{"start":{"line":1,"column":1},"end":{"line":1,"column":12}}},"2":{"name":"(anonymous_2)","line":41,"loc":{"start":{"line":41,"column":19},"end":{"line":41,"column":34}}},"3":{"name":"(anonymous_3)","line":48,"loc":{"start":{"line":48,"column":16},"end":{"line":48,"column":35}}},"4":{"name":"(anonymous_4)","line":52,"loc":{"start":{"line":52,"column":13},"end":{"line":52,"column":32}}},"5":{"name":"(anonymous_5)","line":57,"loc":{"start":{"line":57,"column":12},"end":{"line":57,"column":31}}},"6":{"name":"(anonymous_6)","line":66,"loc":{"start":{"line":66,"column":8},"end":{"line":66,"column":19}}},"7":{"name":"(anonymous_7)","line":71,"loc":{"start":{"line":71,"column":10},"end":{"line":71,"column":35}}},"8":{"name":"(anonymous_8)","line":84,"loc":{"start":{"line":84,"column":13},"end":{"line":84,"column":27}}},"9":{"name":"(anonymous_9)","line":92,"loc":{"start":{"line":92,"column":19},"end":{"line":92,"column":33}}},"10":{"name":"(anonymous_10)","line":98,"loc":{"start":{"line":98,"column":16},"end":{"line":98,"column":27}}},"11":{"name":"(anonymous_11)","line":109,"loc":{"start":{"line":109,"column":23},"end":{"line":109,"column":42}}},"12":{"name":"(anonymous_12)","line":112,"loc":{"start":{"line":112,"column":46},"end":{"line":112,"column":60}}},"13":{"name":"(anonymous_13)","line":127,"loc":{"start":{"line":127,"column":14},"end":{"line":127,"column":25}}},"14":{"name":"Odometer","line":128,"loc":{"start":{"line":128,"column":4},"end":{"line":128,"column":31}}},"15":{"name":"(anonymous_15)","line":157,"loc":{"start":{"line":157,"column":13},"end":{"line":157,"column":32}}},"16":{"name":"(anonymous_16)","line":159,"loc":{"start":{"line":159,"column":21},"end":{"line":159,"column":32}}},"17":{"name":"(anonymous_17)","line":167,"loc":{"start":{"line":167,"column":21},"end":{"line":167,"column":35}}},"18":{"name":"(anonymous_18)","line":181,"loc":{"start":{"line":181,"column":38},"end":{"line":181,"column":49}}},"19":{"name":"(anonymous_19)","line":188,"loc":{"start":{"line":188,"column":43},"end":{"line":188,"column":54}}},"20":{"name":"(anonymous_20)","line":196,"loc":{"start":{"line":196,"column":47},"end":{"line":196,"column":67}}},"21":{"name":"(anonymous_21)","line":211,"loc":{"start":{"line":211,"column":48},"end":{"line":211,"column":59}}},"22":{"name":"(anonymous_22)","line":219,"loc":{"start":{"line":219,"column":47},"end":{"line":219,"column":58}}},"23":{"name":"(anonymous_23)","line":224,"loc":{"start":{"line":224,"column":36},"end":{"line":224,"column":50}}},"24":{"name":"(anonymous_24)","line":235,"loc":{"start":{"line":235,"column":43},"end":{"line":235,"column":54}}},"25":{"name":"(anonymous_25)","line":247,"loc":{"start":{"line":247,"column":54},"end":{"line":247,"column":65}}},"26":{"name":"(anonymous_26)","line":252,"loc":{"start":{"line":252,"column":21},"end":{"line":252,"column":32}}},"27":{"name":"(anonymous_27)","line":263,"loc":{"start":{"line":263,"column":37},"end":{"line":263,"column":48}}},"28":{"name":"(anonymous_28)","line":280,"loc":{"start":{"line":280,"column":32},"end":{"line":280,"column":48}}},"29":{"name":"(anonymous_29)","line":320,"loc":{"start":{"line":320,"column":38},"end":{"line":320,"column":54}}},"30":{"name":"(anonymous_30)","line":350,"loc":{"start":{"line":350,"column":32},"end":{"line":350,"column":51}}},"31":{"name":"(anonymous_31)","line":366,"loc":{"start":{"line":366,"column":17},"end":{"line":366,"column":28}}},"32":{"name":"(anonymous_32)","line":373,"loc":{"start":{"line":373,"column":37},"end":{"line":373,"column":48}}},"33":{"name":"(anonymous_33)","line":377,"loc":{"start":{"line":377,"column":37},"end":{"line":377,"column":61}}},"34":{"name":"(anonymous_34)","line":387,"loc":{"start":{"line":387,"column":35},"end":{"line":387,"column":71}}},"35":{"name":"(anonymous_35)","line":397,"loc":{"start":{"line":397,"column":34},"end":{"line":397,"column":61}}},"36":{"name":"(anonymous_36)","line":432,"loc":{"start":{"line":432,"column":33},"end":{"line":432,"column":52}}},"37":{"name":"(anonymous_37)","line":440,"loc":{"start":{"line":440,"column":38},"end":{"line":440,"column":57}}},"38":{"name":"(anonymous_38)","line":448,"loc":{"start":{"line":448,"column":21},"end":{"line":448,"column":32}}},"39":{"name":"(anonymous_39)","line":472,"loc":{"start":{"line":472,"column":39},"end":{"line":472,"column":50}}},"40":{"name":"(anonymous_40)","line":483,"loc":{"start":{"line":483,"column":49},"end":{"line":483,"column":60}}},"41":{"name":"(anonymous_41)","line":500,"loc":{"start":{"line":500,"column":37},"end":{"line":500,"column":48}}},"42":{"name":"(anonymous_42)","line":507,"loc":{"start":{"line":507,"column":38},"end":{"line":507,"column":57}}},"43":{"name":"(anonymous_43)","line":539,"loc":{"start":{"line":539,"column":20},"end":{"line":539,"column":31}}},"44":{"name":"(anonymous_44)","line":597,"loc":{"start":{"line":597,"column":13},"end":{"line":597,"column":24}}},"45":{"name":"(anonymous_45)","line":610,"loc":{"start":{"line":610,"column":18},"end":{"line":610,"column":29}}},"46":{"name":"(anonymous_46)","line":629,"loc":{"start":{"line":629,"column":34},"end":{"line":629,"column":45}}},"47":{"name":"(anonymous_47)","line":636,"loc":{"start":{"line":636,"column":50},"end":{"line":636,"column":61}}},"48":{"name":"(anonymous_48)","line":644,"loc":{"start":{"line":644,"column":23},"end":{"line":644,"column":34}}}},"statementMap":{"1":{"start":{"line":1,"column":0},"end":{"line":655,"column":14}},"2":{"start":{"line":2,"column":2},"end":{"line":3,"column":23}},"3":{"start":{"line":5,"column":2},"end":{"line":5,"column":54}},"4":{"start":{"line":7,"column":2},"end":{"line":7,"column":117}},"5":{"start":{"line":9,"column":2},"end":{"line":9,"column":159}},"6":{"start":{"line":11,"column":2},"end":{"line":11,"column":70}},"7":{"start":{"line":13,"column":2},"end":{"line":13,"column":29}},"8":{"start":{"line":15,"column":2},"end":{"line":15,"column":48}},"9":{"start":{"line":17,"column":2},"end":{"line":17,"column":17}},"10":{"start":{"line":19,"column":2},"end":{"line":19,"column":18}},"11":{"start":{"line":21,"column":2},"end":{"line":21,"column":23}},"12":{"start":{"line":23,"column":2},"end":{"line":23,"column":23}},"13":{"start":{"line":25,"column":2},"end":{"line":25,"column":24}},"14":{"start":{"line":27,"column":2},"end":{"line":27,"column":34}},"15":{"start":{"line":29,"column":2},"end":{"line":29,"column":46}},"16":{"start":{"line":31,"column":2},"end":{"line":31,"column":108}},"17":{"start":{"line":33,"column":2},"end":{"line":33,"column":62}},"18":{"start":{"line":35,"column":2},"end":{"line":35,"column":214}},"19":{"start":{"line":37,"column":2},"end":{"line":37,"column":162}},"20":{"start":{"line":39,"column":2},"end":{"line":39,"column":108}},"21":{"start":{"line":41,"column":2},"end":{"line":46,"column":4}},"22":{"start":{"line":42,"column":4},"end":{"line":42,"column":11}},"23":{"start":{"line":43,"column":4},"end":{"line":43,"column":39}},"24":{"start":{"line":44,"column":4},"end":{"line":44,"column":24}},"25":{"start":{"line":45,"column":4},"end":{"line":45,"column":26}},"26":{"start":{"line":48,"column":2},"end":{"line":50,"column":4}},"27":{"start":{"line":49,"column":4},"end":{"line":49,"column":119}},"28":{"start":{"line":52,"column":2},"end":{"line":55,"column":4}},"29":{"start":{"line":53,"column":4},"end":{"line":53,"column":26}},"30":{"start":{"line":54,"column":4},"end":{"line":54,"column":38}},"31":{"start":{"line":57,"column":2},"end":{"line":64,"column":4}},"32":{"start":{"line":58,"column":4},"end":{"line":58,"column":12}},"33":{"start":{"line":59,"column":4},"end":{"line":63,"column":5}},"34":{"start":{"line":60,"column":6},"end":{"line":60,"column":47}},"35":{"start":{"line":61,"column":6},"end":{"line":61,"column":38}},"36":{"start":{"line":62,"column":6},"end":{"line":62,"column":35}},"37":{"start":{"line":66,"column":2},"end":{"line":69,"column":4}},"38":{"start":{"line":67,"column":4},"end":{"line":67,"column":20}},"39":{"start":{"line":68,"column":4},"end":{"line":68,"column":152}},"40":{"start":{"line":71,"column":2},"end":{"line":82,"column":4}},"41":{"start":{"line":72,"column":4},"end":{"line":74,"column":5}},"42":{"start":{"line":73,"column":6},"end":{"line":73,"column":20}},"43":{"start":{"line":75,"column":4},"end":{"line":77,"column":5}},"44":{"start":{"line":76,"column":6},"end":{"line":76,"column":29}},"45":{"start":{"line":78,"column":4},"end":{"line":78,"column":35}},"46":{"start":{"line":79,"column":4},"end":{"line":79,"column":15}},"47":{"start":{"line":80,"column":4},"end":{"line":80,"column":26}},"48":{"start":{"line":81,"column":4},"end":{"line":81,"column":42}},"49":{"start":{"line":84,"column":2},"end":{"line":90,"column":4}},"50":{"start":{"line":85,"column":4},"end":{"line":89,"column":5}},"51":{"start":{"line":86,"column":6},"end":{"line":86,"column":28}},"52":{"start":{"line":88,"column":6},"end":{"line":88,"column":29}},"53":{"start":{"line":92,"column":2},"end":{"line":94,"column":4}},"54":{"start":{"line":93,"column":4},"end":{"line":93,"column":28}},"55":{"start":{"line":96,"column":2},"end":{"line":96,"column":25}},"56":{"start":{"line":98,"column":2},"end":{"line":123,"column":7}},"57":{"start":{"line":99,"column":4},"end":{"line":99,"column":43}},"58":{"start":{"line":100,"column":4},"end":{"line":102,"column":5}},"59":{"start":{"line":101,"column":6},"end":{"line":101,"column":13}},"60":{"start":{"line":103,"column":4},"end":{"line":122,"column":5}},"61":{"start":{"line":104,"column":6},"end":{"line":104,"column":28}},"62":{"start":{"line":105,"column":6},"end":{"line":105,"column":30}},"63":{"start":{"line":106,"column":6},"end":{"line":106,"column":20}},"64":{"start":{"line":107,"column":6},"end":{"line":120,"column":7}},"65":{"start":{"line":108,"column":8},"end":{"line":108,"column":28}},"66":{"start":{"line":109,"column":8},"end":{"line":119,"column":22}},"67":{"start":{"line":110,"column":10},"end":{"line":110,"column":18}},"68":{"start":{"line":111,"column":10},"end":{"line":111,"column":43}},"69":{"start":{"line":112,"column":10},"end":{"line":118,"column":12}},"70":{"start":{"line":113,"column":12},"end":{"line":113,"column":22}},"71":{"start":{"line":114,"column":12},"end":{"line":116,"column":13}},"72":{"start":{"line":115,"column":14},"end":{"line":115,"column":48}},"73":{"start":{"line":117,"column":12},"end":{"line":117,"column":48}},"74":{"start":{"line":121,"column":6},"end":{"line":121,"column":22}},"75":{"start":{"line":125,"column":2},"end":{"line":125,"column":28}},"76":{"start":{"line":127,"column":2},"end":{"line":593,"column":7}},"77":{"start":{"line":128,"column":4},"end":{"line":179,"column":5}},"78":{"start":{"line":129,"column":6},"end":{"line":130,"column":21}},"79":{"start":{"line":131,"column":6},"end":{"line":131,"column":29}},"80":{"start":{"line":132,"column":6},"end":{"line":132,"column":32}},"81":{"start":{"line":133,"column":6},"end":{"line":135,"column":7}},"82":{"start":{"line":134,"column":8},"end":{"line":134,"column":32}},"83":{"start":{"line":136,"column":6},"end":{"line":136,"column":30}},"84":{"start":{"line":137,"column":6},"end":{"line":137,"column":30}},"85":{"start":{"line":138,"column":6},"end":{"line":143,"column":7}},"86":{"start":{"line":139,"column":8},"end":{"line":139,"column":20}},"87":{"start":{"line":140,"column":8},"end":{"line":142,"column":9}},"88":{"start":{"line":141,"column":10},"end":{"line":141,"column":30}},"89":{"start":{"line":144,"column":6},"end":{"line":146,"column":7}},"90":{"start":{"line":145,"column":8},"end":{"line":145,"column":34}},"91":{"start":{"line":147,"column":6},"end":{"line":147,"column":88}},"92":{"start":{"line":148,"column":6},"end":{"line":148,"column":25}},"93":{"start":{"line":149,"column":6},"end":{"line":149,"column":86}},"94":{"start":{"line":150,"column":6},"end":{"line":150,"column":26}},"95":{"start":{"line":151,"column":6},"end":{"line":151,"column":20}},"96":{"start":{"line":152,"column":6},"end":{"line":177,"column":7}},"97":{"start":{"line":153,"column":8},"end":{"line":153,"column":58}},"98":{"start":{"line":154,"column":8},"end":{"line":173,"column":9}},"99":{"start":{"line":155,"column":10},"end":{"line":155,"column":31}},"100":{"start":{"line":156,"column":10},"end":{"line":172,"column":11}},"101":{"start":{"line":157,"column":12},"end":{"line":171,"column":25}},"102":{"start":{"line":158,"column":14},"end":{"line":170,"column":17}},"103":{"start":{"line":160,"column":18},"end":{"line":160,"column":28}},"104":{"start":{"line":161,"column":18},"end":{"line":165,"column":19}},"105":{"start":{"line":162,"column":20},"end":{"line":162,"column":50}},"106":{"start":{"line":164,"column":20},"end":{"line":164,"column":103}},"107":{"start":{"line":168,"column":18},"end":{"line":168,"column":43}},"108":{"start":{"line":175,"column":8},"end":{"line":175,"column":19}},"109":{"start":{"line":176,"column":8},"end":{"line":176,"column":33}},"110":{"start":{"line":178,"column":6},"end":{"line":178,"column":11}},"111":{"start":{"line":181,"column":4},"end":{"line":186,"column":6}},"112":{"start":{"line":182,"column":6},"end":{"line":182,"column":50}},"113":{"start":{"line":183,"column":6},"end":{"line":183,"column":48}},"114":{"start":{"line":184,"column":6},"end":{"line":184,"column":29}},"115":{"start":{"line":185,"column":6},"end":{"line":185,"column":46}},"116":{"start":{"line":188,"column":4},"end":{"line":209,"column":6}},"117":{"start":{"line":189,"column":6},"end":{"line":190,"column":21}},"118":{"start":{"line":191,"column":6},"end":{"line":193,"column":7}},"119":{"start":{"line":192,"column":8},"end":{"line":192,"column":15}},"120":{"start":{"line":194,"column":6},"end":{"line":208,"column":7}},"121":{"start":{"line":195,"column":8},"end":{"line":203,"column":9}},"122":{"start":{"line":196,"column":10},"end":{"line":202,"column":13}},"123":{"start":{"line":197,"column":12},"end":{"line":197,"column":23}},"124":{"start":{"line":198,"column":12},"end":{"line":198,"column":40}},"125":{"start":{"line":199,"column":12},"end":{"line":199,"column":33}},"126":{"start":{"line":200,"column":12},"end":{"line":200,"column":38}},"127":{"start":{"line":201,"column":12},"end":{"line":201,"column":40}},"128":{"start":{"line":204,"column":8},"end":{"line":204,"column":35}},"129":{"start":{"line":205,"column":8},"end":{"line":205,"column":45}},"130":{"start":{"line":207,"column":8},"end":{"line":207,"column":19}},"131":{"start":{"line":211,"column":4},"end":{"line":217,"column":6}},"132":{"start":{"line":212,"column":6},"end":{"line":216,"column":7}},"133":{"start":{"line":213,"column":8},"end":{"line":215,"column":11}},"134":{"start":{"line":219,"column":4},"end":{"line":222,"column":6}},"135":{"start":{"line":220,"column":6},"end":{"line":220,"column":15}},"136":{"start":{"line":221,"column":6},"end":{"line":221,"column":73}},"137":{"start":{"line":224,"column":4},"end":{"line":233,"column":6}},"138":{"start":{"line":225,"column":6},"end":{"line":225,"column":15}},"139":{"start":{"line":226,"column":6},"end":{"line":231,"column":7}},"140":{"start":{"line":227,"column":8},"end":{"line":227,"column":86}},"141":{"start":{"line":228,"column":8},"end":{"line":228,"column":39}},"142":{"start":{"line":229,"column":8},"end":{"line":229,"column":42}},"143":{"start":{"line":230,"column":8},"end":{"line":230,"column":39}},"144":{"start":{"line":232,"column":6},"end":{"line":232,"column":47}},"145":{"start":{"line":235,"column":4},"end":{"line":261,"column":6}},"146":{"start":{"line":236,"column":6},"end":{"line":237,"column":21}},"147":{"start":{"line":238,"column":6},"end":{"line":240,"column":7}},"148":{"start":{"line":239,"column":8},"end":{"line":239,"column":15}},"149":{"start":{"line":241,"column":6},"end":{"line":241,"column":37}},"150":{"start":{"line":242,"column":6},"end":{"line":242,"column":29}},"151":{"start":{"line":243,"column":6},"end":{"line":243,"column":46}},"152":{"start":{"line":244,"column":6},"end":{"line":244,"column":20}},"153":{"start":{"line":245,"column":6},"end":{"line":259,"column":7}},"154":{"start":{"line":246,"column":8},"end":{"line":246,"column":25}},"155":{"start":{"line":247,"column":8},"end":{"line":258,"column":19}},"156":{"start":{"line":248,"column":10},"end":{"line":250,"column":11}},"157":{"start":{"line":249,"column":12},"end":{"line":249,"column":24}},"158":{"start":{"line":251,"column":10},"end":{"line":251,"column":32}},"159":{"start":{"line":252,"column":10},"end":{"line":256,"column":16}},"160":{"start":{"line":253,"column":12},"end":{"line":253,"column":27}},"161":{"start":{"line":254,"column":12},"end":{"line":254,"column":35}},"162":{"start":{"line":255,"column":12},"end":{"line":255,"column":53}},"163":{"start":{"line":257,"column":10},"end":{"line":257,"column":22}},"164":{"start":{"line":260,"column":6},"end":{"line":260,"column":22}},"165":{"start":{"line":263,"column":4},"end":{"line":278,"column":6}},"166":{"start":{"line":264,"column":6},"end":{"line":264,"column":79}},"167":{"start":{"line":265,"column":6},"end":{"line":265,"column":74}},"168":{"start":{"line":266,"column":6},"end":{"line":266,"column":31}},"169":{"start":{"line":267,"column":6},"end":{"line":267,"column":42}},"170":{"start":{"line":268,"column":6},"end":{"line":270,"column":7}},"171":{"start":{"line":269,"column":8},"end":{"line":269,"column":61}},"172":{"start":{"line":271,"column":6},"end":{"line":271,"column":96}},"173":{"start":{"line":272,"column":6},"end":{"line":272,"column":73}},"174":{"start":{"line":273,"column":6},"end":{"line":277,"column":8}},"175":{"start":{"line":280,"column":4},"end":{"line":318,"column":6}},"176":{"start":{"line":281,"column":6},"end":{"line":281,"column":59}},"177":{"start":{"line":282,"column":6},"end":{"line":284,"column":7}},"178":{"start":{"line":283,"column":8},"end":{"line":283,"column":27}},"179":{"start":{"line":285,"column":6},"end":{"line":285,"column":35}},"180":{"start":{"line":286,"column":6},"end":{"line":286,"column":25}},"181":{"start":{"line":287,"column":6},"end":{"line":287,"column":33}},"182":{"start":{"line":288,"column":6},"end":{"line":288,"column":33}},"183":{"start":{"line":289,"column":6},"end":{"line":289,"column":45}},"184":{"start":{"line":290,"column":6},"end":{"line":290,"column":22}},"185":{"start":{"line":291,"column":6},"end":{"line":304,"column":7}},"186":{"start":{"line":292,"column":8},"end":{"line":292,"column":26}},"187":{"start":{"line":293,"column":8},"end":{"line":295,"column":9}},"188":{"start":{"line":294,"column":10},"end":{"line":294,"column":19}},"189":{"start":{"line":296,"column":8},"end":{"line":299,"column":9}},"190":{"start":{"line":297,"column":10},"end":{"line":297,"column":27}},"191":{"start":{"line":298,"column":10},"end":{"line":298,"column":19}},"192":{"start":{"line":300,"column":8},"end":{"line":302,"column":9}},"193":{"start":{"line":301,"column":10},"end":{"line":301,"column":19}},"194":{"start":{"line":303,"column":8},"end":{"line":303,"column":29}},"195":{"start":{"line":305,"column":6},"end":{"line":305,"column":34}},"196":{"start":{"line":306,"column":6},"end":{"line":308,"column":7}},"197":{"start":{"line":307,"column":8},"end":{"line":307,"column":51}},"198":{"start":{"line":309,"column":6},"end":{"line":313,"column":7}},"199":{"start":{"line":310,"column":8},"end":{"line":310,"column":51}},"200":{"start":{"line":312,"column":8},"end":{"line":312,"column":47}},"201":{"start":{"line":314,"column":6},"end":{"line":314,"column":47}},"202":{"start":{"line":315,"column":6},"end":{"line":315,"column":24}},"203":{"start":{"line":316,"column":6},"end":{"line":316,"column":31}},"204":{"start":{"line":317,"column":6},"end":{"line":317,"column":43}},"205":{"start":{"line":320,"column":4},"end":{"line":348,"column":6}},"206":{"start":{"line":321,"column":6},"end":{"line":321,"column":86}},"207":{"start":{"line":322,"column":6},"end":{"line":322,"column":23}},"208":{"start":{"line":323,"column":6},"end":{"line":347,"column":7}},"209":{"start":{"line":324,"column":8},"end":{"line":324,"column":57}},"210":{"start":{"line":325,"column":8},"end":{"line":325,"column":47}},"211":{"start":{"line":326,"column":8},"end":{"line":336,"column":9}},"212":{"start":{"line":327,"column":10},"end":{"line":327,"column":32}},"213":{"start":{"line":328,"column":10},"end":{"line":335,"column":11}},"214":{"start":{"line":329,"column":12},"end":{"line":329,"column":39}},"215":{"start":{"line":330,"column":12},"end":{"line":330,"column":74}},"216":{"start":{"line":331,"column":12},"end":{"line":331,"column":36}},"217":{"start":{"line":332,"column":12},"end":{"line":332,"column":36}},"218":{"start":{"line":334,"column":12},"end":{"line":334,"column":39}},"219":{"start":{"line":338,"column":8},"end":{"line":338,"column":78}},"220":{"start":{"line":339,"column":8},"end":{"line":339,"column":53}},"221":{"start":{"line":340,"column":8},"end":{"line":346,"column":9}},"222":{"start":{"line":341,"column":10},"end":{"line":341,"column":28}},"223":{"start":{"line":342,"column":10},"end":{"line":344,"column":11}},"224":{"start":{"line":343,"column":12},"end":{"line":343,"column":29}},"225":{"start":{"line":345,"column":10},"end":{"line":345,"column":42}},"226":{"start":{"line":350,"column":4},"end":{"line":371,"column":6}},"227":{"start":{"line":351,"column":6},"end":{"line":352,"column":21}},"228":{"start":{"line":353,"column":6},"end":{"line":353,"column":43}},"229":{"start":{"line":354,"column":6},"end":{"line":356,"column":7}},"230":{"start":{"line":355,"column":8},"end":{"line":355,"column":15}},"231":{"start":{"line":357,"column":6},"end":{"line":357,"column":95}},"232":{"start":{"line":358,"column":6},"end":{"line":362,"column":7}},"233":{"start":{"line":359,"column":8},"end":{"line":359,"column":51}},"234":{"start":{"line":361,"column":8},"end":{"line":361,"column":53}},"235":{"start":{"line":363,"column":6},"end":{"line":363,"column":35}},"236":{"start":{"line":364,"column":6},"end":{"line":364,"column":29}},"237":{"start":{"line":365,"column":6},"end":{"line":365,"column":36}},"238":{"start":{"line":366,"column":6},"end":{"line":369,"column":12}},"239":{"start":{"line":367,"column":8},"end":{"line":367,"column":30}},"240":{"start":{"line":368,"column":8},"end":{"line":368,"column":56}},"241":{"start":{"line":370,"column":6},"end":{"line":370,"column":35}},"242":{"start":{"line":373,"column":4},"end":{"line":375,"column":6}},"243":{"start":{"line":374,"column":6},"end":{"line":374,"column":40}},"244":{"start":{"line":377,"column":4},"end":{"line":385,"column":6}},"245":{"start":{"line":378,"column":6},"end":{"line":384,"column":7}},"246":{"start":{"line":379,"column":8},"end":{"line":379,"column":55}},"247":{"start":{"line":380,"column":13},"end":{"line":384,"column":7}},"248":{"start":{"line":381,"column":8},"end":{"line":381,"column":46}},"249":{"start":{"line":383,"column":8},"end":{"line":383,"column":72}},"250":{"start":{"line":387,"column":4},"end":{"line":395,"column":6}},"251":{"start":{"line":388,"column":6},"end":{"line":388,"column":17}},"252":{"start":{"line":389,"column":6},"end":{"line":389,"column":48}},"253":{"start":{"line":390,"column":6},"end":{"line":390,"column":29}},"254":{"start":{"line":391,"column":6},"end":{"line":393,"column":7}},"255":{"start":{"line":392,"column":8},"end":{"line":392,"column":39}},"256":{"start":{"line":394,"column":6},"end":{"line":394,"column":46}},"257":{"start":{"line":397,"column":4},"end":{"line":430,"column":6}},"258":{"start":{"line":398,"column":6},"end":{"line":398,"column":37}},"259":{"start":{"line":399,"column":6},"end":{"line":401,"column":7}},"260":{"start":{"line":400,"column":8},"end":{"line":400,"column":25}},"261":{"start":{"line":402,"column":6},"end":{"line":404,"column":7}},"262":{"start":{"line":403,"column":8},"end":{"line":403,"column":69}},"263":{"start":{"line":405,"column":6},"end":{"line":407,"column":7}},"264":{"start":{"line":406,"column":8},"end":{"line":406,"column":108}},"265":{"start":{"line":408,"column":6},"end":{"line":425,"column":7}},"266":{"start":{"line":409,"column":8},"end":{"line":409,"column":25}},"267":{"start":{"line":410,"column":8},"end":{"line":424,"column":9}},"268":{"start":{"line":411,"column":10},"end":{"line":417,"column":11}},"269":{"start":{"line":412,"column":12},"end":{"line":414,"column":13}},"270":{"start":{"line":413,"column":14},"end":{"line":413,"column":68}},"271":{"start":{"line":415,"column":12},"end":{"line":415,"column":31}},"272":{"start":{"line":416,"column":12},"end":{"line":416,"column":28}},"273":{"start":{"line":418,"column":10},"end":{"line":418,"column":72}},"274":{"start":{"line":419,"column":10},"end":{"line":419,"column":103}},"275":{"start":{"line":420,"column":10},"end":{"line":422,"column":11}},"276":{"start":{"line":421,"column":12},"end":{"line":421,"column":18}},"277":{"start":{"line":423,"column":10},"end":{"line":423,"column":30}},"278":{"start":{"line":426,"column":6},"end":{"line":426,"column":33}},"279":{"start":{"line":427,"column":6},"end":{"line":427,"column":63}},"280":{"start":{"line":428,"column":6},"end":{"line":428,"column":30}},"281":{"start":{"line":429,"column":6},"end":{"line":429,"column":37}},"282":{"start":{"line":432,"column":4},"end":{"line":438,"column":6}},"283":{"start":{"line":433,"column":6},"end":{"line":437,"column":7}},"284":{"start":{"line":434,"column":8},"end":{"line":434,"column":43}},"285":{"start":{"line":436,"column":8},"end":{"line":436,"column":43}},"286":{"start":{"line":440,"column":4},"end":{"line":470,"column":6}},"287":{"start":{"line":441,"column":6},"end":{"line":442,"column":21}},"288":{"start":{"line":443,"column":6},"end":{"line":445,"column":7}},"289":{"start":{"line":444,"column":8},"end":{"line":444,"column":15}},"290":{"start":{"line":446,"column":6},"end":{"line":446,"column":27}},"291":{"start":{"line":447,"column":6},"end":{"line":447,"column":23}},"292":{"start":{"line":448,"column":6},"end":{"line":469,"column":11}},"293":{"start":{"line":449,"column":8},"end":{"line":449,"column":34}},"294":{"start":{"line":450,"column":8},"end":{"line":455,"column":9}},"295":{"start":{"line":451,"column":10},"end":{"line":451,"column":33}},"296":{"start":{"line":452,"column":10},"end":{"line":452,"column":25}},"297":{"start":{"line":453,"column":10},"end":{"line":453,"column":44}},"298":{"start":{"line":454,"column":10},"end":{"line":454,"column":17}},"299":{"start":{"line":456,"column":8},"end":{"line":456,"column":29}},"300":{"start":{"line":457,"column":8},"end":{"line":463,"column":9}},"301":{"start":{"line":458,"column":10},"end":{"line":458,"column":23}},"302":{"start":{"line":459,"column":10},"end":{"line":459,"column":52}},"303":{"start":{"line":460,"column":10},"end":{"line":460,"column":33}},"304":{"start":{"line":461,"column":10},"end":{"line":461,"column":22}},"305":{"start":{"line":462,"column":10},"end":{"line":462,"column":40}},"306":{"start":{"line":464,"column":8},"end":{"line":468,"column":9}},"307":{"start":{"line":465,"column":10},"end":{"line":465,"column":45}},"308":{"start":{"line":467,"column":10},"end":{"line":467,"column":54}},"309":{"start":{"line":472,"column":4},"end":{"line":481,"column":6}},"310":{"start":{"line":473,"column":6},"end":{"line":473,"column":42}},"311":{"start":{"line":474,"column":6},"end":{"line":474,"column":71}},"312":{"start":{"line":475,"column":6},"end":{"line":478,"column":7}},"313":{"start":{"line":476,"column":8},"end":{"line":476,"column":26}},"314":{"start":{"line":477,"column":8},"end":{"line":477,"column":36}},"315":{"start":{"line":479,"column":6},"end":{"line":479,"column":41}},"316":{"start":{"line":480,"column":6},"end":{"line":480,"column":57}},"317":{"start":{"line":483,"column":4},"end":{"line":498,"column":6}},"318":{"start":{"line":484,"column":6},"end":{"line":484,"column":52}},"319":{"start":{"line":485,"column":6},"end":{"line":485,"column":71}},"320":{"start":{"line":486,"column":6},"end":{"line":486,"column":36}},"321":{"start":{"line":487,"column":6},"end":{"line":496,"column":7}},"322":{"start":{"line":488,"column":8},"end":{"line":488,"column":26}},"323":{"start":{"line":489,"column":8},"end":{"line":489,"column":37}},"324":{"start":{"line":490,"column":8},"end":{"line":490,"column":39}},"325":{"start":{"line":491,"column":8},"end":{"line":495,"column":9}},"326":{"start":{"line":492,"column":10},"end":{"line":492,"column":24}},"327":{"start":{"line":494,"column":10},"end":{"line":494,"column":38}},"328":{"start":{"line":497,"column":6},"end":{"line":497,"column":42}},"329":{"start":{"line":500,"column":4},"end":{"line":505,"column":6}},"330":{"start":{"line":501,"column":6},"end":{"line":501,"column":23}},"331":{"start":{"line":502,"column":6},"end":{"line":502,"column":24}},"332":{"start":{"line":503,"column":6},"end":{"line":503,"column":33}},"333":{"start":{"line":504,"column":6},"end":{"line":504,"column":32}},"334":{"start":{"line":507,"column":4},"end":{"line":589,"column":6}},"335":{"start":{"line":508,"column":6},"end":{"line":508,"column":197}},"336":{"start":{"line":509,"column":6},"end":{"line":509,"column":28}},"337":{"start":{"line":510,"column":6},"end":{"line":510,"column":73}},"338":{"start":{"line":511,"column":6},"end":{"line":514,"column":7}},"339":{"start":{"line":512,"column":8},"end":{"line":512,"column":60}},"340":{"start":{"line":513,"column":8},"end":{"line":513,"column":60}},"341":{"start":{"line":515,"column":6},"end":{"line":517,"column":7}},"342":{"start":{"line":516,"column":8},"end":{"line":516,"column":15}},"343":{"start":{"line":518,"column":6},"end":{"line":518,"column":31}},"344":{"start":{"line":519,"column":6},"end":{"line":519,"column":58}},"345":{"start":{"line":520,"column":6},"end":{"line":520,"column":18}},"346":{"start":{"line":521,"column":6},"end":{"line":521,"column":18}},"347":{"start":{"line":522,"column":6},"end":{"line":550,"column":7}},"348":{"start":{"line":523,"column":8},"end":{"line":523,"column":70}},"349":{"start":{"line":524,"column":8},"end":{"line":524,"column":68}},"350":{"start":{"line":525,"column":8},"end":{"line":525,"column":27}},"351":{"start":{"line":526,"column":8},"end":{"line":544,"column":9}},"352":{"start":{"line":527,"column":10},"end":{"line":527,"column":22}},"353":{"start":{"line":528,"column":10},"end":{"line":528,"column":89}},"354":{"start":{"line":529,"column":10},"end":{"line":529,"column":22}},"355":{"start":{"line":530,"column":10},"end":{"line":533,"column":11}},"356":{"start":{"line":531,"column":12},"end":{"line":531,"column":41}},"357":{"start":{"line":532,"column":12},"end":{"line":532,"column":24}},"358":{"start":{"line":534,"column":10},"end":{"line":536,"column":11}},"359":{"start":{"line":535,"column":12},"end":{"line":535,"column":29}},"360":{"start":{"line":537,"column":10},"end":{"line":537,"column":20}},"361":{"start":{"line":539,"column":10},"end":{"line":543,"column":25}},"362":{"start":{"line":540,"column":12},"end":{"line":540,"column":26}},"363":{"start":{"line":541,"column":12},"end":{"line":541,"column":120}},"364":{"start":{"line":541,"column":100},"end":{"line":541,"column":118}},"365":{"start":{"line":542,"column":12},"end":{"line":542,"column":28}},"366":{"start":{"line":545,"column":8},"end":{"line":548,"column":9}},"367":{"start":{"line":546,"column":10},"end":{"line":546,"column":28}},"368":{"start":{"line":547,"column":10},"end":{"line":547,"column":43}},"369":{"start":{"line":549,"column":8},"end":{"line":549,"column":28}},"370":{"start":{"line":551,"column":6},"end":{"line":551,"column":25}},"371":{"start":{"line":552,"column":6},"end":{"line":552,"column":30}},"372":{"start":{"line":553,"column":6},"end":{"line":578,"column":7}},"373":{"start":{"line":554,"column":8},"end":{"line":554,"column":25}},"374":{"start":{"line":555,"column":8},"end":{"line":557,"column":9}},"375":{"start":{"line":556,"column":10},"end":{"line":556,"column":51}},"376":{"start":{"line":558,"column":8},"end":{"line":560,"column":9}},"377":{"start":{"line":559,"column":10},"end":{"line":559,"column":76}},"378":{"start":{"line":561,"column":8},"end":{"line":561,"column":39}},"379":{"start":{"line":562,"column":8},"end":{"line":564,"column":9}},"380":{"start":{"line":563,"column":10},"end":{"line":563,"column":36}},"381":{"start":{"line":565,"column":8},"end":{"line":577,"column":9}},"382":{"start":{"line":566,"column":10},"end":{"line":566,"column":28}},"383":{"start":{"line":567,"column":10},"end":{"line":567,"column":48}},"384":{"start":{"line":568,"column":10},"end":{"line":568,"column":45}},"385":{"start":{"line":569,"column":10},"end":{"line":569,"column":34}},"386":{"start":{"line":570,"column":10},"end":{"line":570,"column":45}},"387":{"start":{"line":571,"column":10},"end":{"line":573,"column":11}},"388":{"start":{"line":572,"column":12},"end":{"line":572,"column":51}},"389":{"start":{"line":574,"column":10},"end":{"line":576,"column":11}},"390":{"start":{"line":575,"column":12},"end":{"line":575,"column":52}},"391":{"start":{"line":579,"column":6},"end":{"line":581,"column":7}},"392":{"start":{"line":580,"column":8},"end":{"line":580,"column":27}},"393":{"start":{"line":582,"column":6},"end":{"line":582,"column":63}},"394":{"start":{"line":583,"column":6},"end":{"line":585,"column":7}},"395":{"start":{"line":584,"column":8},"end":{"line":584,"column":38}},"396":{"start":{"line":586,"column":6},"end":{"line":588,"column":7}},"397":{"start":{"line":587,"column":8},"end":{"line":587,"column":106}},"398":{"start":{"line":591,"column":4},"end":{"line":591,"column":20}},"399":{"start":{"line":595,"column":2},"end":{"line":595,"column":73}},"400":{"start":{"line":597,"column":2},"end":{"line":608,"column":8}},"401":{"start":{"line":598,"column":4},"end":{"line":598,"column":37}},"402":{"start":{"line":599,"column":4},"end":{"line":607,"column":5}},"403":{"start":{"line":600,"column":6},"end":{"line":600,"column":37}},"404":{"start":{"line":601,"column":6},"end":{"line":601,"column":20}},"405":{"start":{"line":602,"column":6},"end":{"line":605,"column":7}},"406":{"start":{"line":603,"column":8},"end":{"line":603,"column":21}},"407":{"start":{"line":604,"column":8},"end":{"line":604,"column":108}},"408":{"start":{"line":606,"column":6},"end":{"line":606,"column":22}},"409":{"start":{"line":610,"column":2},"end":{"line":625,"column":4}},"410":{"start":{"line":611,"column":4},"end":{"line":611,"column":48}},"411":{"start":{"line":612,"column":4},"end":{"line":614,"column":5}},"412":{"start":{"line":613,"column":6},"end":{"line":613,"column":13}},"413":{"start":{"line":615,"column":4},"end":{"line":615,"column":83}},"414":{"start":{"line":616,"column":4},"end":{"line":616,"column":18}},"415":{"start":{"line":617,"column":4},"end":{"line":623,"column":5}},"416":{"start":{"line":618,"column":6},"end":{"line":618,"column":24}},"417":{"start":{"line":619,"column":6},"end":{"line":622,"column":10}},"418":{"start":{"line":624,"column":4},"end":{"line":624,"column":20}},"419":{"start":{"line":627,"column":2},"end":{"line":641,"column":3}},"420":{"start":{"line":628,"column":4},"end":{"line":628,"column":39}},"421":{"start":{"line":629,"column":4},"end":{"line":634,"column":6}},"422":{"start":{"line":630,"column":6},"end":{"line":632,"column":7}},"423":{"start":{"line":631,"column":8},"end":{"line":631,"column":24}},"424":{"start":{"line":633,"column":6},"end":{"line":633,"column":65}},"425":{"start":{"line":636,"column":4},"end":{"line":640,"column":14}},"426":{"start":{"line":637,"column":6},"end":{"line":639,"column":7}},"427":{"start":{"line":638,"column":8},"end":{"line":638,"column":31}},"428":{"start":{"line":643,"column":2},"end":{"line":651,"column":3}},"429":{"start":{"line":644,"column":4},"end":{"line":646,"column":7}},"430":{"start":{"line":645,"column":6},"end":{"line":645,"column":22}},"431":{"start":{"line":647,"column":9},"end":{"line":651,"column":3}},"432":{"start":{"line":648,"column":4},"end":{"line":648,"column":30}},"433":{"start":{"line":650,"column":4},"end":{"line":650,"column":31}},"434":{"start":{"line":653,"column":2},"end":{"line":653,"column":34}}},"branchMap":{"1":{"line":35,"type":"binary-expr","locations":[{"start":{"line":35,"column":24},"end":{"line":35,"column":64}},{"start":{"line":35,"column":70},"end":{"line":35,"column":116}},{"start":{"line":35,"column":122},"end":{"line":35,"column":165}},{"start":{"line":35,"column":171},"end":{"line":35,"column":212}}]},"2":{"line":37,"type":"binary-expr","locations":[{"start":{"line":37,"column":26},"end":{"line":37,"column":54}},{"start":{"line":37,"column":58},"end":{"line":37,"column":89}},{"start":{"line":37,"column":93},"end":{"line":37,"column":127}},{"start":{"line":37,"column":131},"end":{"line":37,"column":161}}]},"3":{"line":39,"type":"binary-expr","locations":[{"start":{"line":39,"column":21},"end":{"line":39,"column":44}},{"start":{"line":39,"column":48},"end":{"line":39,"column":77}},{"start":{"line":39,"column":81},"end":{"line":39,"column":107}}]},"4":{"line":59,"type":"if","locations":[{"start":{"line":59,"column":4},"end":{"line":59,"column":4}},{"start":{"line":59,"column":4},"end":{"line":59,"column":4}}]},"5":{"line":68,"type":"cond-expr","locations":[{"start":{"line":68,"column":133},"end":{"line":68,"column":137}},{"start":{"line":68,"column":140},"end":{"line":68,"column":151}}]},"6":{"line":68,"type":"cond-expr","locations":[{"start":{"line":68,"column":58},"end":{"line":68,"column":112}},{"start":{"line":68,"column":115},"end":{"line":68,"column":121}}]},"7":{"line":68,"type":"cond-expr","locations":[{"start":{"line":68,"column":92},"end":{"line":68,"column":103}},{"start":{"line":68,"column":106},"end":{"line":68,"column":112}}]},"8":{"line":72,"type":"if","locations":[{"start":{"line":72,"column":4},"end":{"line":72,"column":4}},{"start":{"line":72,"column":4},"end":{"line":72,"column":4}}]},"9":{"line":75,"type":"if","locations":[{"start":{"line":75,"column":4},"end":{"line":75,"column":4}},{"start":{"line":75,"column":4},"end":{"line":75,"column":4}}]},"10":{"line":85,"type":"if","locations":[{"start":{"line":85,"column":4},"end":{"line":85,"column":4}},{"start":{"line":85,"column":4},"end":{"line":85,"column":4}}]},"11":{"line":100,"type":"if","locations":[{"start":{"line":100,"column":4},"end":{"line":100,"column":4}},{"start":{"line":100,"column":4},"end":{"line":100,"column":4}}]},"12":{"line":103,"type":"if","locations":[{"start":{"line":103,"column":4},"end":{"line":103,"column":4}},{"start":{"line":103,"column":4},"end":{"line":103,"column":4}}]},"13":{"line":114,"type":"if","locations":[{"start":{"line":114,"column":12},"end":{"line":114,"column":12}},{"start":{"line":114,"column":12},"end":{"line":114,"column":12}}]},"14":{"line":114,"type":"binary-expr","locations":[{"start":{"line":114,"column":17},"end":{"line":114,"column":28}},{"start":{"line":114,"column":34},"end":{"line":114,"column":95}}]},"15":{"line":114,"type":"cond-expr","locations":[{"start":{"line":114,"column":63},"end":{"line":114,"column":77}},{"start":{"line":114,"column":80},"end":{"line":114,"column":86}}]},"16":{"line":133,"type":"if","locations":[{"start":{"line":133,"column":6},"end":{"line":133,"column":6}},{"start":{"line":133,"column":6},"end":{"line":133,"column":6}}]},"17":{"line":140,"type":"if","locations":[{"start":{"line":140,"column":8},"end":{"line":140,"column":8}},{"start":{"line":140,"column":8},"end":{"line":140,"column":8}}]},"18":{"line":144,"type":"if","locations":[{"start":{"line":144,"column":6},"end":{"line":144,"column":6}},{"start":{"line":144,"column":6},"end":{"line":144,"column":6}}]},"19":{"line":149,"type":"cond-expr","locations":[{"start":{"line":149,"column":74},"end":{"line":149,"column":79}},{"start":{"line":149,"column":82},"end":{"line":149,"column":84}}]},"20":{"line":156,"type":"if","locations":[{"start":{"line":156,"column":10},"end":{"line":156,"column":10}},{"start":{"line":156,"column":10},"end":{"line":156,"column":10}}]},"21":{"line":161,"type":"if","locations":[{"start":{"line":161,"column":18},"end":{"line":161,"column":18}},{"start":{"line":161,"column":18},"end":{"line":161,"column":18}}]},"22":{"line":164,"type":"cond-expr","locations":[{"start":{"line":164,"column":70},"end":{"line":164,"column":75}},{"start":{"line":164,"column":78},"end":{"line":164,"column":102}}]},"23":{"line":191,"type":"if","locations":[{"start":{"line":191,"column":6},"end":{"line":191,"column":6}},{"start":{"line":191,"column":6},"end":{"line":191,"column":6}}]},"24":{"line":195,"type":"if","locations":[{"start":{"line":195,"column":8},"end":{"line":195,"column":8}},{"start":{"line":195,"column":8},"end":{"line":195,"column":8}}]},"25":{"line":212,"type":"if","locations":[{"start":{"line":212,"column":6},"end":{"line":212,"column":6}},{"start":{"line":212,"column":6},"end":{"line":212,"column":6}}]},"26":{"line":221,"type":"cond-expr","locations":[{"start":{"line":221,"column":46},"end":{"line":221,"column":63}},{"start":{"line":221,"column":66},"end":{"line":221,"column":72}}]},"27":{"line":226,"type":"if","locations":[{"start":{"line":226,"column":6},"end":{"line":226,"column":6}},{"start":{"line":226,"column":6},"end":{"line":226,"column":6}}]},"28":{"line":227,"type":"cond-expr","locations":[{"start":{"line":227,"column":63},"end":{"line":227,"column":67}},{"start":{"line":227,"column":70},"end":{"line":227,"column":73}}]},"29":{"line":230,"type":"binary-expr","locations":[{"start":{"line":230,"column":14},"end":{"line":230,"column":33}},{"start":{"line":230,"column":37},"end":{"line":230,"column":38}}]},"30":{"line":238,"type":"if","locations":[{"start":{"line":238,"column":6},"end":{"line":238,"column":6}},{"start":{"line":238,"column":6},"end":{"line":238,"column":6}}]},"31":{"line":248,"type":"if","locations":[{"start":{"line":248,"column":10},"end":{"line":248,"column":10}},{"start":{"line":248,"column":10},"end":{"line":248,"column":10}}]},"32":{"line":265,"type":"cond-expr","locations":[{"start":{"line":265,"column":54},"end":{"line":265,"column":58}},{"start":{"line":265,"column":61},"end":{"line":265,"column":73}}]},"33":{"line":266,"type":"binary-expr","locations":[{"start":{"line":266,"column":6},"end":{"line":266,"column":12}},{"start":{"line":266,"column":17},"end":{"line":266,"column":29}}]},"34":{"line":268,"type":"if","locations":[{"start":{"line":268,"column":6},"end":{"line":268,"column":6}},{"start":{"line":268,"column":6},"end":{"line":268,"column":6}}]},"35":{"line":272,"type":"binary-expr","locations":[{"start":{"line":272,"column":19},"end":{"line":272,"column":66}},{"start":{"line":272,"column":71},"end":{"line":272,"column":72}}]},"36":{"line":272,"type":"cond-expr","locations":[{"start":{"line":272,"column":40},"end":{"line":272,"column":57}},{"start":{"line":272,"column":60},"end":{"line":272,"column":66}}]},"37":{"line":282,"type":"if","locations":[{"start":{"line":282,"column":6},"end":{"line":282,"column":6}},{"start":{"line":282,"column":6},"end":{"line":282,"column":6}}]},"38":{"line":293,"type":"if","locations":[{"start":{"line":293,"column":8},"end":{"line":293,"column":8}},{"start":{"line":293,"column":8},"end":{"line":293,"column":8}}]},"39":{"line":296,"type":"if","locations":[{"start":{"line":296,"column":8},"end":{"line":296,"column":8}},{"start":{"line":296,"column":8},"end":{"line":296,"column":8}}]},"40":{"line":300,"type":"if","locations":[{"start":{"line":300,"column":8},"end":{"line":300,"column":8}},{"start":{"line":300,"column":8},"end":{"line":300,"column":8}}]},"41":{"line":306,"type":"if","locations":[{"start":{"line":306,"column":6},"end":{"line":306,"column":6}},{"start":{"line":306,"column":6},"end":{"line":306,"column":6}}]},"42":{"line":309,"type":"if","locations":[{"start":{"line":309,"column":6},"end":{"line":309,"column":6}},{"start":{"line":309,"column":6},"end":{"line":309,"column":6}}]},"43":{"line":323,"type":"if","locations":[{"start":{"line":323,"column":6},"end":{"line":323,"column":6}},{"start":{"line":323,"column":6},"end":{"line":323,"column":6}}]},"44":{"line":328,"type":"if","locations":[{"start":{"line":328,"column":10},"end":{"line":328,"column":10}},{"start":{"line":328,"column":10},"end":{"line":328,"column":10}}]},"45":{"line":338,"type":"binary-expr","locations":[{"start":{"line":338,"column":20},"end":{"line":338,"column":42}},{"start":{"line":338,"column":46},"end":{"line":338,"column":68}},{"start":{"line":338,"column":72},"end":{"line":338,"column":77}}]},"46":{"line":342,"type":"if","locations":[{"start":{"line":342,"column":10},"end":{"line":342,"column":10}},{"start":{"line":342,"column":10},"end":{"line":342,"column":10}}]},"47":{"line":354,"type":"if","locations":[{"start":{"line":354,"column":6},"end":{"line":354,"column":6}},{"start":{"line":354,"column":6},"end":{"line":354,"column":6}}]},"48":{"line":358,"type":"if","locations":[{"start":{"line":358,"column":6},"end":{"line":358,"column":6}},{"start":{"line":358,"column":6},"end":{"line":358,"column":6}}]},"49":{"line":378,"type":"if","locations":[{"start":{"line":378,"column":6},"end":{"line":378,"column":6}},{"start":{"line":378,"column":6},"end":{"line":378,"column":6}}]},"50":{"line":380,"type":"if","locations":[{"start":{"line":380,"column":13},"end":{"line":380,"column":13}},{"start":{"line":380,"column":13},"end":{"line":380,"column":13}}]},"51":{"line":391,"type":"if","locations":[{"start":{"line":391,"column":6},"end":{"line":391,"column":6}},{"start":{"line":391,"column":6},"end":{"line":391,"column":6}}]},"52":{"line":399,"type":"if","locations":[{"start":{"line":399,"column":6},"end":{"line":399,"column":6}},{"start":{"line":399,"column":6},"end":{"line":399,"column":6}}]},"53":{"line":402,"type":"if","locations":[{"start":{"line":402,"column":6},"end":{"line":402,"column":6}},{"start":{"line":402,"column":6},"end":{"line":402,"column":6}}]},"54":{"line":405,"type":"if","locations":[{"start":{"line":405,"column":6},"end":{"line":405,"column":6}},{"start":{"line":405,"column":6},"end":{"line":405,"column":6}}]},"55":{"line":406,"type":"cond-expr","locations":[{"start":{"line":406,"column":67},"end":{"line":406,"column":71}},{"start":{"line":406,"column":74},"end":{"line":406,"column":77}}]},"56":{"line":408,"type":"if","locations":[{"start":{"line":408,"column":6},"end":{"line":408,"column":6}},{"start":{"line":408,"column":6},"end":{"line":408,"column":6}}]},"57":{"line":411,"type":"if","locations":[{"start":{"line":411,"column":10},"end":{"line":411,"column":10}},{"start":{"line":411,"column":10},"end":{"line":411,"column":10}}]},"58":{"line":412,"type":"if","locations":[{"start":{"line":412,"column":12},"end":{"line":412,"column":12}},{"start":{"line":412,"column":12},"end":{"line":412,"column":12}}]},"59":{"line":420,"type":"if","locations":[{"start":{"line":420,"column":10},"end":{"line":420,"column":10}},{"start":{"line":420,"column":10},"end":{"line":420,"column":10}}]},"60":{"line":433,"type":"if","locations":[{"start":{"line":433,"column":6},"end":{"line":433,"column":6}},{"start":{"line":433,"column":6},"end":{"line":433,"column":6}}]},"61":{"line":433,"type":"binary-expr","locations":[{"start":{"line":433,"column":10},"end":{"line":433,"column":29}},{"start":{"line":433,"column":33},"end":{"line":433,"column":67}}]},"62":{"line":443,"type":"if","locations":[{"start":{"line":443,"column":6},"end":{"line":443,"column":6}},{"start":{"line":443,"column":6},"end":{"line":443,"column":6}}]},"63":{"line":450,"type":"if","locations":[{"start":{"line":450,"column":8},"end":{"line":450,"column":8}},{"start":{"line":450,"column":8},"end":{"line":450,"column":8}}]},"64":{"line":457,"type":"if","locations":[{"start":{"line":457,"column":8},"end":{"line":457,"column":8}},{"start":{"line":457,"column":8},"end":{"line":457,"column":8}}]},"65":{"line":464,"type":"if","locations":[{"start":{"line":464,"column":8},"end":{"line":464,"column":8}},{"start":{"line":464,"column":8},"end":{"line":464,"column":8}}]},"66":{"line":474,"type":"cond-expr","locations":[{"start":{"line":474,"column":39},"end":{"line":474,"column":65}},{"start":{"line":474,"column":68},"end":{"line":474,"column":70}}]},"67":{"line":485,"type":"cond-expr","locations":[{"start":{"line":485,"column":39},"end":{"line":485,"column":65}},{"start":{"line":485,"column":68},"end":{"line":485,"column":70}}]},"68":{"line":491,"type":"if","locations":[{"start":{"line":491,"column":8},"end":{"line":491,"column":8}},{"start":{"line":491,"column":8},"end":{"line":491,"column":8}}]},"69":{"line":511,"type":"if","locations":[{"start":{"line":511,"column":6},"end":{"line":511,"column":6}},{"start":{"line":511,"column":6},"end":{"line":511,"column":6}}]},"70":{"line":515,"type":"if","locations":[{"start":{"line":515,"column":6},"end":{"line":515,"column":6}},{"start":{"line":515,"column":6},"end":{"line":515,"column":6}}]},"71":{"line":522,"type":"cond-expr","locations":[{"start":{"line":522,"column":41},"end":{"line":522,"column":56}},{"start":{"line":522,"column":59},"end":{"line":522,"column":74}}]},"72":{"line":522,"type":"cond-expr","locations":[{"start":{"line":522,"column":98},"end":{"line":522,"column":102}},{"start":{"line":522,"column":105},"end":{"line":522,"column":109}}]},"73":{"line":526,"type":"if","locations":[{"start":{"line":526,"column":8},"end":{"line":526,"column":8}},{"start":{"line":526,"column":8},"end":{"line":526,"column":8}}]},"74":{"line":530,"type":"binary-expr","locations":[{"start":{"line":530,"column":18},"end":{"line":530,"column":26}},{"start":{"line":530,"column":30},"end":{"line":530,"column":39}},{"start":{"line":530,"column":45},"end":{"line":530,"column":53}},{"start":{"line":530,"column":57},"end":{"line":530,"column":66}}]},"75":{"line":534,"type":"if","locations":[{"start":{"line":534,"column":10},"end":{"line":534,"column":10}},{"start":{"line":534,"column":10},"end":{"line":534,"column":10}}]},"76":{"line":541,"type":"cond-expr","locations":[{"start":{"line":541,"column":48},"end":{"line":541,"column":57}},{"start":{"line":541,"column":60},"end":{"line":541,"column":69}}]},"77":{"line":541,"type":"cond-expr","locations":[{"start":{"line":541,"column":86},"end":{"line":541,"column":90}},{"start":{"line":541,"column":93},"end":{"line":541,"column":97}}]},"78":{"line":555,"type":"if","locations":[{"start":{"line":555,"column":8},"end":{"line":555,"column":8}},{"start":{"line":555,"column":8},"end":{"line":555,"column":8}}]},"79":{"line":558,"type":"if","locations":[{"start":{"line":558,"column":8},"end":{"line":558,"column":8}},{"start":{"line":558,"column":8},"end":{"line":558,"column":8}}]},"80":{"line":562,"type":"if","locations":[{"start":{"line":562,"column":8},"end":{"line":562,"column":8}},{"start":{"line":562,"column":8},"end":{"line":562,"column":8}}]},"81":{"line":571,"type":"if","locations":[{"start":{"line":571,"column":10},"end":{"line":571,"column":10}},{"start":{"line":571,"column":10},"end":{"line":571,"column":10}}]},"82":{"line":574,"type":"if","locations":[{"start":{"line":574,"column":10},"end":{"line":574,"column":10}},{"start":{"line":574,"column":10},"end":{"line":574,"column":10}}]},"83":{"line":579,"type":"if","locations":[{"start":{"line":579,"column":6},"end":{"line":579,"column":6}},{"start":{"line":579,"column":6},"end":{"line":579,"column":6}}]},"84":{"line":583,"type":"if","locations":[{"start":{"line":583,"column":6},"end":{"line":583,"column":6}},{"start":{"line":583,"column":6},"end":{"line":583,"column":6}}]},"85":{"line":586,"type":"if","locations":[{"start":{"line":586,"column":6},"end":{"line":586,"column":6}},{"start":{"line":586,"column":6},"end":{"line":586,"column":6}}]},"86":{"line":595,"type":"cond-expr","locations":[{"start":{"line":595,"column":63},"end":{"line":595,"column":67}},{"start":{"line":595,"column":70},"end":{"line":595,"column":72}}]},"87":{"line":599,"type":"if","locations":[{"start":{"line":599,"column":4},"end":{"line":599,"column":4}},{"start":{"line":599,"column":4},"end":{"line":599,"column":4}}]},"88":{"line":604,"type":"cond-expr","locations":[{"start":{"line":604,"column":62},"end":{"line":604,"column":91}},{"start":{"line":604,"column":94},"end":{"line":604,"column":106}}]},"89":{"line":612,"type":"if","locations":[{"start":{"line":612,"column":4},"end":{"line":612,"column":4}},{"start":{"line":612,"column":4},"end":{"line":612,"column":4}}]},"90":{"line":615,"type":"binary-expr","locations":[{"start":{"line":615,"column":41},"end":{"line":615,"column":66}},{"start":{"line":615,"column":70},"end":{"line":615,"column":81}}]},"91":{"line":621,"type":"cond-expr","locations":[{"start":{"line":621,"column":48},"end":{"line":621,"column":53}},{"start":{"line":621,"column":56},"end":{"line":621,"column":70}}]},"92":{"line":627,"type":"if","locations":[{"start":{"line":627,"column":2},"end":{"line":627,"column":2}},{"start":{"line":627,"column":2},"end":{"line":627,"column":2}}]},"93":{"line":627,"type":"binary-expr","locations":[{"start":{"line":627,"column":7},"end":{"line":627,"column":85}},{"start":{"line":627,"column":91},"end":{"line":627,"column":125}}]},"94":{"line":627,"type":"cond-expr","locations":[{"start":{"line":627,"column":53},"end":{"line":627,"column":67}},{"start":{"line":627,"column":70},"end":{"line":627,"column":76}}]},"95":{"line":630,"type":"if","locations":[{"start":{"line":630,"column":6},"end":{"line":630,"column":6}},{"start":{"line":630,"column":6},"end":{"line":630,"column":6}}]},"96":{"line":630,"type":"binary-expr","locations":[{"start":{"line":630,"column":10},"end":{"line":630,"column":44}},{"start":{"line":630,"column":48},"end":{"line":630,"column":79}}]},"97":{"line":633,"type":"cond-expr","locations":[{"start":{"line":633,"column":28},"end":{"line":633,"column":55}},{"start":{"line":633,"column":58},"end":{"line":633,"column":64}}]},"98":{"line":637,"type":"if","locations":[{"start":{"line":637,"column":6},"end":{"line":637,"column":6}},{"start":{"line":637,"column":6},"end":{"line":637,"column":6}}]},"99":{"line":643,"type":"if","locations":[{"start":{"line":643,"column":2},"end":{"line":643,"column":2}},{"start":{"line":643,"column":2},"end":{"line":643,"column":2}}]},"100":{"line":643,"type":"binary-expr","locations":[{"start":{"line":643,"column":6},"end":{"line":643,"column":34}},{"start":{"line":643,"column":38},"end":{"line":643,"column":48}}]},"101":{"line":647,"type":"if","locations":[{"start":{"line":647,"column":9},"end":{"line":647,"column":9}},{"start":{"line":647,"column":9},"end":{"line":647,"column":9}}]},"102":{"line":647,"type":"binary-expr","locations":[{"start":{"line":647,"column":13},"end":{"line":647,"column":43}},{"start":{"line":647,"column":47},"end":{"line":647,"column":63}}]}},"l":{"1":2,"2":2,"5":2,"7":2,"9":2,"11":2,"13":2,"15":2,"17":2,"19":2,"21":2,"23":2,"25":2,"27":2,"29":2,"31":2,"33":2,"35":2,"37":2,"39":2,"41":2,"42":2,"43":2,"44":2,"45":2,"48":2,"49":0,"52":2,"53":0,"54":0,"57":2,"58":0,"59":0,"60":0,"61":0,"62":0,"66":2,"67":0,"68":0,"71":2,"72":0,"73":0,"75":0,"76":0,"78":0,"79":0,"80":0,"81":0,"84":2,"85":0,"86":0,"88":0,"92":2,"93":0,"96":2,"98":2,"99":2,"100":2,"101":0,"103":2,"104":0,"105":0,"106":0,"107":0,"108":0,"109":0,"110":0,"111":0,"112":0,"113":0,"114":0,"115":0,"117":0,"121":0,"125":2,"127":2,"128":1,"129":0,"131":0,"132":0,"133":0,"134":0,"136":0,"137":0,"138":0,"139":0,"140":0,"141":0,"144":0,"145":0,"147":0,"148":0,"149":0,"150":0,"151":0,"152":0,"153":0,"154":0,"155":0,"156":0,"157":0,"158":0,"160":0,"161":0,"162":0,"164":0,"168":0,"175":0,"176":0,"178":0,"181":2,"182":0,"183":0,"184":0,"185":0,"188":2,"189":0,"191":0,"192":0,"194":0,"195":0,"196":0,"197":0,"198":0,"199":0,"200":0,"201":0,"204":0,"205":0,"207":0,"211":2,"212":0,"213":0,"219":2,"220":0,"221":0,"224":2,"225":0,"226":0,"227":0,"228":0,"229":0,"230":0,"232":0,"235":2,"236":0,"238":0,"239":0,"241":0,"242":0,"243":0,"244":0,"245":0,"246":0,"247":0,"248":0,"249":0,"251":0,"252":0,"253":0,"254":0,"255":0,"257":0,"260":0,"263":2,"264":0,"265":0,"266":0,"267":0,"268":0,"269":0,"271":0,"272":0,"273":0,"280":2,"281":0,"282":0,"283":0,"285":0,"286":0,"287":0,"288":0,"289":0,"290":0,"291":0,"292":0,"293":0,"294":0,"296":0,"297":0,"298":0,"300":0,"301":0,"303":0,"305":0,"306":0,"307":0,"309":0,"310":0,"312":0,"314":0,"315":0,"316":0,"317":0,"320":2,"321":0,"322":0,"323":0,"324":0,"325":0,"326":0,"327":0,"328":0,"329":0,"330":0,"331":0,"332":0,"334":0,"338":0,"339":0,"340":0,"341":0,"342":0,"343":0,"345":0,"350":2,"351":0,"353":0,"354":0,"355":0,"357":0,"358":0,"359":0,"361":0,"363":0,"364":0,"365":0,"366":0,"367":0,"368":0,"370":0,"373":2,"374":0,"377":2,"378":0,"379":0,"380":0,"381":0,"383":0,"387":2,"388":0,"389":0,"390":0,"391":0,"392":0,"394":0,"397":2,"398":0,"399":0,"400":0,"402":0,"403":0,"405":0,"406":0,"408":0,"409":0,"410":0,"411":0,"412":0,"413":0,"415":0,"416":0,"418":0,"419":0,"420":0,"421":0,"423":0,"426":0,"427":0,"428":0,"429":0,"432":2,"433":0,"434":0,"436":0,"440":2,"441":0,"443":0,"444":0,"446":0,"447":0,"448":0,"449":0,"450":0,"451":0,"452":0,"453":0,"454":0,"456":0,"457":0,"458":0,"459":0,"460":0,"461":0,"462":0,"464":0,"465":0,"467":0,"472":2,"473":0,"474":0,"475":0,"476":0,"477":0,"479":0,"480":0,"483":2,"484":0,"485":0,"486":0,"487":0,"488":0,"489":0,"490":0,"491":0,"492":0,"494":0,"497":0,"500":2,"501":0,"502":0,"503":0,"504":0,"507":2,"508":0,"509":0,"510":0,"511":0,"512":0,"513":0,"515":0,"516":0,"518":0,"519":0,"520":0,"521":0,"522":0,"523":0,"524":0,"525":0,"526":0,"527":0,"528":0,"529":0,"530":0,"531":0,"532":0,"534":0,"535":0,"537":0,"539":0,"540":0,"541":0,"542":0,"545":0,"546":0,"547":0,"549":0,"551":0,"552":0,"553":0,"554":0,"555":0,"556":0,"558":0,"559":0,"561":0,"562":0,"563":0,"565":0,"566":0,"567":0,"568":0,"569":0,"570":0,"571":0,"572":0,"574":0,"575":0,"579":0,"580":0,"582":0,"583":0,"584":0,"586":0,"587":0,"591":2,"595":2,"597":2,"598":0,"599":0,"600":0,"601":0,"602":0,"603":0,"604":0,"606":0,"610":2,"611":2,"612":2,"613":0,"615":2,"616":2,"617":2,"618":0,"619":0,"624":2,"627":2,"628":0,"629":0,"630":0,"631":0,"633":0,"636":2,"637":2,"638":2,"643":2,"644":0,"645":0,"647":2,"648":2,"650":0,"653":2}}}
