TN:
SF:/Users/tourajvaziri/Desktop/Courses/EECE 514/assignment5/odometer/odometer.js
FN:1,(anonymous_1)
FN:41,(anonymous_2)
FN:48,(anonymous_3)
FN:52,(anonymous_4)
FN:57,(anonymous_5)
FN:66,(anonymous_6)
FN:71,(anonymous_7)
FN:84,(anonymous_8)
FN:92,(anonymous_9)
FN:98,(anonymous_10)
FN:109,(anonymous_11)
FN:112,(anonymous_12)
FN:127,(anonymous_13)
FN:128,Odometer
FN:157,(anonymous_15)
FN:159,(anonymous_16)
FN:167,(anonymous_17)
FN:181,(anonymous_18)
FN:188,(anonymous_19)
FN:196,(anonymous_20)
FN:211,(anonymous_21)
FN:219,(anonymous_22)
FN:224,(anonymous_23)
FN:235,(anonymous_24)
FN:247,(anonymous_25)
FN:252,(anonymous_26)
FN:263,(anonymous_27)
FN:280,(anonymous_28)
FN:320,(anonymous_29)
FN:350,(anonymous_30)
FN:366,(anonymous_31)
FN:373,(anonymous_32)
FN:377,(anonymous_33)
FN:387,(anonymous_34)
FN:397,(anonymous_35)
FN:432,(anonymous_36)
FN:440,(anonymous_37)
FN:448,(anonymous_38)
FN:472,(anonymous_39)
FN:483,(anonymous_40)
FN:500,(anonymous_41)
FN:507,(anonymous_42)
FN:539,(anonymous_43)
FN:597,(anonymous_44)
FN:610,(anonymous_45)
FN:629,(anonymous_46)
FN:636,(anonymous_47)
FN:644,(anonymous_48)
FNF:48
FNH:6
FNDA:2,(anonymous_1)
FNDA:2,(anonymous_2)
FNDA:0,(anonymous_3)
FNDA:0,(anonymous_4)
FNDA:0,(anonymous_5)
FNDA:0,(anonymous_6)
FNDA:0,(anonymous_7)
FNDA:0,(anonymous_8)
FNDA:0,(anonymous_9)
FNDA:2,(anonymous_10)
FNDA:0,(anonymous_11)
FNDA:0,(anonymous_12)
FNDA:2,(anonymous_13)
FNDA:0,Odometer
FNDA:0,(anonymous_15)
FNDA:0,(anonymous_16)
FNDA:0,(anonymous_17)
FNDA:0,(anonymous_18)
FNDA:0,(anonymous_19)
FNDA:0,(anonymous_20)
FNDA:0,(anonymous_21)
FNDA:0,(anonymous_22)
FNDA:0,(anonymous_23)
FNDA:0,(anonymous_24)
FNDA:0,(anonymous_25)
FNDA:0,(anonymous_26)
FNDA:0,(anonymous_27)
FNDA:0,(anonymous_28)
FNDA:0,(anonymous_29)
FNDA:0,(anonymous_30)
FNDA:0,(anonymous_31)
FNDA:0,(anonymous_32)
FNDA:0,(anonymous_33)
FNDA:0,(anonymous_34)
FNDA:0,(anonymous_35)
FNDA:0,(anonymous_36)
FNDA:0,(anonymous_37)
FNDA:0,(anonymous_38)
FNDA:0,(anonymous_39)
FNDA:0,(anonymous_40)
FNDA:0,(anonymous_41)
FNDA:0,(anonymous_42)
FNDA:0,(anonymous_43)
FNDA:0,(anonymous_44)
FNDA:2,(anonymous_45)
FNDA:0,(anonymous_46)
FNDA:2,(anonymous_47)
FNDA:0,(anonymous_48)
DA:1,2
DA:2,2
DA:5,2
DA:7,2
DA:9,2
DA:11,2
DA:13,2
DA:15,2
DA:17,2
DA:19,2
DA:21,2
DA:23,2
DA:25,2
DA:27,2
DA:29,2
DA:31,2
DA:33,2
DA:35,2
DA:37,2
DA:39,2
DA:41,2
DA:42,2
DA:43,2
DA:44,2
DA:45,2
DA:48,2
DA:49,0
DA:52,2
DA:53,0
DA:54,0
DA:57,2
DA:58,0
DA:59,0
DA:60,0
DA:61,0
DA:62,0
DA:66,2
DA:67,0
DA:68,0
DA:71,2
DA:72,0
DA:73,0
DA:75,0
DA:76,0
DA:78,0
DA:79,0
DA:80,0
DA:81,0
DA:84,2
DA:85,0
DA:86,0
DA:88,0
DA:92,2
DA:93,0
DA:96,2
DA:98,2
DA:99,2
DA:100,2
DA:101,0
DA:103,2
DA:104,0
DA:105,0
DA:106,0
DA:107,0
DA:108,0
DA:109,0
DA:110,0
DA:111,0
DA:112,0
DA:113,0
DA:114,0
DA:115,0
DA:117,0
DA:121,0
DA:125,2
DA:127,2
DA:128,1
DA:129,0
DA:131,0
DA:132,0
DA:133,0
DA:134,0
DA:136,0
DA:137,0
DA:138,0
DA:139,0
DA:140,0
DA:141,0
DA:144,0
DA:145,0
DA:147,0
DA:148,0
DA:149,0
DA:150,0
DA:151,0
DA:152,0
DA:153,0
DA:154,0
DA:155,0
DA:156,0
DA:157,0
DA:158,0
DA:160,0
DA:161,0
DA:162,0
DA:164,0
DA:168,0
DA:175,0
DA:176,0
DA:178,0
DA:181,2
DA:182,0
DA:183,0
DA:184,0
DA:185,0
DA:188,2
DA:189,0
DA:191,0
DA:192,0
DA:194,0
DA:195,0
DA:196,0
DA:197,0
DA:198,0
DA:199,0
DA:200,0
DA:201,0
DA:204,0
DA:205,0
DA:207,0
DA:211,2
DA:212,0
DA:213,0
DA:219,2
DA:220,0
DA:221,0
DA:224,2
DA:225,0
DA:226,0
DA:227,0
DA:228,0
DA:229,0
DA:230,0
DA:232,0
DA:235,2
DA:236,0
DA:238,0
DA:239,0
DA:241,0
DA:242,0
DA:243,0
DA:244,0
DA:245,0
DA:246,0
DA:247,0
DA:248,0
DA:249,0
DA:251,0
DA:252,0
DA:253,0
DA:254,0
DA:255,0
DA:257,0
DA:260,0
DA:263,2
DA:264,0
DA:265,0
DA:266,0
DA:267,0
DA:268,0
DA:269,0
DA:271,0
DA:272,0
DA:273,0
DA:280,2
DA:281,0
DA:282,0
DA:283,0
DA:285,0
DA:286,0
DA:287,0
DA:288,0
DA:289,0
DA:290,0
DA:291,0
DA:292,0
DA:293,0
DA:294,0
DA:296,0
DA:297,0
DA:298,0
DA:300,0
DA:301,0
DA:303,0
DA:305,0
DA:306,0
DA:307,0
DA:309,0
DA:310,0
DA:312,0
DA:314,0
DA:315,0
DA:316,0
DA:317,0
DA:320,2
DA:321,0
DA:322,0
DA:323,0
DA:324,0
DA:325,0
DA:326,0
DA:327,0
DA:328,0
DA:329,0
DA:330,0
DA:331,0
DA:332,0
DA:334,0
DA:338,0
DA:339,0
DA:340,0
DA:341,0
DA:342,0
DA:343,0
DA:345,0
DA:350,2
DA:351,0
DA:353,0
DA:354,0
DA:355,0
DA:357,0
DA:358,0
DA:359,0
DA:361,0
DA:363,0
DA:364,0
DA:365,0
DA:366,0
DA:367,0
DA:368,0
DA:370,0
DA:373,2
DA:374,0
DA:377,2
DA:378,0
DA:379,0
DA:380,0
DA:381,0
DA:383,0
DA:387,2
DA:388,0
DA:389,0
DA:390,0
DA:391,0
DA:392,0
DA:394,0
DA:397,2
DA:398,0
DA:399,0
DA:400,0
DA:402,0
DA:403,0
DA:405,0
DA:406,0
DA:408,0
DA:409,0
DA:410,0
DA:411,0
DA:412,0
DA:413,0
DA:415,0
DA:416,0
DA:418,0
DA:419,0
DA:420,0
DA:421,0
DA:423,0
DA:426,0
DA:427,0
DA:428,0
DA:429,0
DA:432,2
DA:433,0
DA:434,0
DA:436,0
DA:440,2
DA:441,0
DA:443,0
DA:444,0
DA:446,0
DA:447,0
DA:448,0
DA:449,0
DA:450,0
DA:451,0
DA:452,0
DA:453,0
DA:454,0
DA:456,0
DA:457,0
DA:458,0
DA:459,0
DA:460,0
DA:461,0
DA:462,0
DA:464,0
DA:465,0
DA:467,0
DA:472,2
DA:473,0
DA:474,0
DA:475,0
DA:476,0
DA:477,0
DA:479,0
DA:480,0
DA:483,2
DA:484,0
DA:485,0
DA:486,0
DA:487,0
DA:488,0
DA:489,0
DA:490,0
DA:491,0
DA:492,0
DA:494,0
DA:497,0
DA:500,2
DA:501,0
DA:502,0
DA:503,0
DA:504,0
DA:507,2
DA:508,0
DA:509,0
DA:510,0
DA:511,0
DA:512,0
DA:513,0
DA:515,0
DA:516,0
DA:518,0
DA:519,0
DA:520,0
DA:521,0
DA:522,0
DA:523,0
DA:524,0
DA:525,0
DA:526,0
DA:527,0
DA:528,0
DA:529,0
DA:530,0
DA:531,0
DA:532,0
DA:534,0
DA:535,0
DA:537,0
DA:539,0
DA:540,0
DA:541,0
DA:542,0
DA:545,0
DA:546,0
DA:547,0
DA:549,0
DA:551,0
DA:552,0
DA:553,0
DA:554,0
DA:555,0
DA:556,0
DA:558,0
DA:559,0
DA:561,0
DA:562,0
DA:563,0
DA:565,0
DA:566,0
DA:567,0
DA:568,0
DA:569,0
DA:570,0
DA:571,0
DA:572,0
DA:574,0
DA:575,0
DA:579,0
DA:580,0
DA:582,0
DA:583,0
DA:584,0
DA:586,0
DA:587,0
DA:591,2
DA:595,2
DA:597,2
DA:598,0
DA:599,0
DA:600,0
DA:601,0
DA:602,0
DA:603,0
DA:604,0
DA:606,0
DA:610,2
DA:611,2
DA:612,2
DA:613,0
DA:615,2
DA:616,2
DA:617,2
DA:618,0
DA:619,0
DA:624,2
DA:627,2
DA:628,0
DA:629,0
DA:630,0
DA:631,0
DA:633,0
DA:636,2
DA:637,2
DA:638,2
DA:643,2
DA:644,0
DA:645,0
DA:647,2
DA:648,2
DA:650,0
DA:653,2
LF:433
LH:78
BRDA:35,1,0,2
BRDA:35,1,1,2
BRDA:35,1,2,0
BRDA:35,1,3,0
BRDA:37,2,0,2
BRDA:37,2,1,2
BRDA:37,2,2,2
BRDA:37,2,3,2
BRDA:39,3,0,2
BRDA:39,3,1,2
BRDA:39,3,2,2
BRDA:59,4,0,0
BRDA:59,4,1,0
BRDA:68,5,0,0
BRDA:68,5,1,0
BRDA:68,6,0,0
BRDA:68,6,1,0
BRDA:68,7,0,0
BRDA:68,7,1,0
BRDA:72,8,0,0
BRDA:72,8,1,0
BRDA:75,9,0,0
BRDA:75,9,1,0
BRDA:85,10,0,0
BRDA:85,10,1,0
BRDA:100,11,0,0
BRDA:100,11,1,2
BRDA:103,12,0,0
BRDA:103,12,1,2
BRDA:114,13,0,0
BRDA:114,13,1,0
BRDA:114,14,0,0
BRDA:114,14,1,0
BRDA:114,15,0,0
BRDA:114,15,1,0
BRDA:133,16,0,0
BRDA:133,16,1,0
BRDA:140,17,0,0
BRDA:140,17,1,0
BRDA:144,18,0,0
BRDA:144,18,1,0
BRDA:149,19,0,0
BRDA:149,19,1,0
BRDA:156,20,0,0
BRDA:156,20,1,0
BRDA:161,21,0,0
BRDA:161,21,1,0
BRDA:164,22,0,0
BRDA:164,22,1,0
BRDA:191,23,0,0
BRDA:191,23,1,0
BRDA:195,24,0,0
BRDA:195,24,1,0
BRDA:212,25,0,0
BRDA:212,25,1,0
BRDA:221,26,0,0
BRDA:221,26,1,0
BRDA:226,27,0,0
BRDA:226,27,1,0
BRDA:227,28,0,0
BRDA:227,28,1,0
BRDA:230,29,0,0
BRDA:230,29,1,0
BRDA:238,30,0,0
BRDA:238,30,1,0
BRDA:248,31,0,0
BRDA:248,31,1,0
BRDA:265,32,0,0
BRDA:265,32,1,0
BRDA:266,33,0,0
BRDA:266,33,1,0
BRDA:268,34,0,0
BRDA:268,34,1,0
BRDA:272,35,0,0
BRDA:272,35,1,0
BRDA:272,36,0,0
BRDA:272,36,1,0
BRDA:282,37,0,0
BRDA:282,37,1,0
BRDA:293,38,0,0
BRDA:293,38,1,0
BRDA:296,39,0,0
BRDA:296,39,1,0
BRDA:300,40,0,0
BRDA:300,40,1,0
BRDA:306,41,0,0
BRDA:306,41,1,0
BRDA:309,42,0,0
BRDA:309,42,1,0
BRDA:323,43,0,0
BRDA:323,43,1,0
BRDA:328,44,0,0
BRDA:328,44,1,0
BRDA:338,45,0,0
BRDA:338,45,1,0
BRDA:338,45,2,0
BRDA:342,46,0,0
BRDA:342,46,1,0
BRDA:354,47,0,0
BRDA:354,47,1,0
BRDA:358,48,0,0
BRDA:358,48,1,0
BRDA:378,49,0,0
BRDA:378,49,1,0
BRDA:380,50,0,0
BRDA:380,50,1,0
BRDA:391,51,0,0
BRDA:391,51,1,0
BRDA:399,52,0,0
BRDA:399,52,1,0
BRDA:402,53,0,0
BRDA:402,53,1,0
BRDA:405,54,0,0
BRDA:405,54,1,0
BRDA:406,55,0,0
BRDA:406,55,1,0
BRDA:408,56,0,0
BRDA:408,56,1,0
BRDA:411,57,0,0
BRDA:411,57,1,0
BRDA:412,58,0,0
BRDA:412,58,1,0
BRDA:420,59,0,0
BRDA:420,59,1,0
BRDA:433,60,0,0
BRDA:433,60,1,0
BRDA:433,61,0,0
BRDA:433,61,1,0
BRDA:443,62,0,0
BRDA:443,62,1,0
BRDA:450,63,0,0
BRDA:450,63,1,0
BRDA:457,64,0,0
BRDA:457,64,1,0
BRDA:464,65,0,0
BRDA:464,65,1,0
BRDA:474,66,0,0
BRDA:474,66,1,0
BRDA:485,67,0,0
BRDA:485,67,1,0
BRDA:491,68,0,0
BRDA:491,68,1,0
BRDA:511,69,0,0
BRDA:511,69,1,0
BRDA:515,70,0,0
BRDA:515,70,1,0
BRDA:522,71,0,0
BRDA:522,71,1,0
BRDA:522,72,0,0
BRDA:522,72,1,0
BRDA:526,73,0,0
BRDA:526,73,1,0
BRDA:530,74,0,0
BRDA:530,74,1,0
BRDA:530,74,2,0
BRDA:530,74,3,0
BRDA:534,75,0,0
BRDA:534,75,1,0
BRDA:541,76,0,0
BRDA:541,76,1,0
BRDA:541,77,0,0
BRDA:541,77,1,0
BRDA:555,78,0,0
BRDA:555,78,1,0
BRDA:558,79,0,0
BRDA:558,79,1,0
BRDA:562,80,0,0
BRDA:562,80,1,0
BRDA:571,81,0,0
BRDA:571,81,1,0
BRDA:574,82,0,0
BRDA:574,82,1,0
BRDA:579,83,0,0
BRDA:579,83,1,0
BRDA:583,84,0,0
BRDA:583,84,1,0
BRDA:586,85,0,0
BRDA:586,85,1,0
BRDA:595,86,0,0
BRDA:595,86,1,2
BRDA:599,87,0,0
BRDA:599,87,1,0
BRDA:604,88,0,0
BRDA:604,88,1,0
BRDA:612,89,0,0
BRDA:612,89,1,2
BRDA:615,90,0,2
BRDA:615,90,1,2
BRDA:621,91,0,0
BRDA:621,91,1,0
BRDA:627,92,0,0
BRDA:627,92,1,2
BRDA:627,93,0,2
BRDA:627,93,1,0
BRDA:627,94,0,2
BRDA:627,94,1,0
BRDA:630,95,0,0
BRDA:630,95,1,0
BRDA:630,96,0,0
BRDA:630,96,1,0
BRDA:633,97,0,0
BRDA:633,97,1,0
BRDA:637,98,0,2
BRDA:637,98,1,0
BRDA:643,99,0,0
BRDA:643,99,1,2
BRDA:643,100,0,2
BRDA:643,100,1,0
BRDA:647,101,0,2
BRDA:647,101,1,0
BRDA:647,102,0,2
BRDA:647,102,1,2
BRF:212
BRH:24
end_of_record
